================================================================================
Appcelerator Titanium Diagnostics Build Log
The contents of this file are useful to send to Appcelerator Support if
reporting an issue to help us understand your environment, build settings
and aid in debugging. Please attach this log to any issue that you report.
================================================================================

Starting build at 02/18/12 12:16

Build details:

   timestamp=01/27/12 17:31
   module_apiversion=2
   version=1.8.1
   githash=a24502a


Script arguments:
   /Users/administrator/Library/Application Support/Titanium/mobilesdk/osx/1.8.1/iphone/builder.py
   simulator
   5.0
   /Users/administrator/Documents/Titanium Studio Workspace/Helen Earth App
   com.helenearthband.helenearthapp
   Helen Earth App
   universal
   iphone
   

Building from: /Users/administrator/Library/Application Support/Titanium/mobilesdk/osx/1.8.1/iphone
Platform: Darwin Kernel Version 11.3.0: Thu Jan 12 18:47:41 PST 2012; root:xnu-1699.24.23~1/RELEASE_X86_64

Xcode path is: /Developer


githash=a24502a, existing_git_hash=a24502a
writing contents of /Users/administrator/Documents/Titanium Studio Workspace/Helen Earth App/build/iphone/project.xcconfig:

TI_VERSION=1.8.1
TI_SDK_DIR=/Users/administrator/Library/Application Support/Titanium/mobilesdk/osx/$(TI_VERSION)/iphone
TI_APPID=com.helenearthband.helenearthapp
OTHER_LDFLAGS[sdk=iphoneos*]=$(inherited) -weak_framework iAd
OTHER_LDFLAGS[sdk=iphonesimulator*]=$(inherited) -weak_framework iAd
#include "module"

old contents


Generated the following stylecode code:

<?xml version="1.0" encoding="UTF-8"?>
<!DOCTYPE plist PUBLIC "-//Apple//DTD PLIST 1.0//EN" "http://www.apple.com/DTDs/PropertyList-1.0.dtd">
<plist version="1.0">
	<dict>
		<key>classes</key>
		<dict>
</dict>

		<key>classes_density</key>
		<dict>
</dict>

		<key>ids</key>
		<dict>
</dict>

		<key>ids_density</key>
		<dict>
</dict>

		<key>tags</key>
		<dict>
</dict>

		<key>tags_density</key>
		<dict>
</dict>

	</dict>
</plist>
Finishing build

Exception detected in script:
Traceback (most recent call last):
  File "/Users/administrator/Library/Application Support/Titanium/mobilesdk/osx/1.8.1/iphone/builder.py", line 1391, in main
    os.waitpid(sim.pid,0)
  File "/Users/administrator/Library/Application Support/Titanium/mobilesdk/osx/1.8.1/iphone/builder.py", line 1323, in handler
    kill_simulator()
  File "/Users/administrator/Library/Application Support/Titanium/mobilesdk/osx/1.8.1/iphone/builder.py", line 76, in kill_simulator
    run.run(['/usr/bin/killall',"iPhone Simulator"],True)
  File "/Users/administrator/Library/Application Support/Titanium/mobilesdk/osx/1.8.1/iphone/run.py", line 6, in run
    sys.stdout.flush()
IOError: [Errno 32] Broken pipe
